Exact value 	 Average +/- Error
(-1,2.04299e-14)	(-0.998298,2.04299e-14) +/- (0.00636508,0)
(-0.951229,3.00202e-15)	(-0.947168,3.00202e-15) +/- (0.0072713,1.94523e-43)
(-0.904837,-2.46932e-15)	(-0.898758,-2.46932e-15) +/- (0.0062327,0)
(-0.860708,2.18819e-15)	(-0.865438,2.18819e-15) +/- (0.00671571,0)
(-0.818731,-1.31072e-15)	(-0.814929,-1.31072e-15) +/- (0.00726331,0)
(-0.778801,1.12407e-15)	(-0.778941,1.12407e-15) +/- (0.0073722,0)
(-0.740818,-1.14392e-15)	(-0.744713,-1.14392e-15) +/- (0.00592168,0)
(-0.704688,1.04951e-15)	(-0.7108,1.04951e-15) +/- (0.00571557,0)
(-0.67032,-8.72858e-16)	(-0.660882,-8.72858e-16) +/- (0.00572395,0)
(-0.637628,7.3012e-16)	(-0.63818,7.3012e-16) +/- (0.00594374,0)
(-0.606531,-5.70953e-16)	(-0.605224,-5.70953e-16) +/- (0.00662393,0)
(-0.57695,4.73749e-16)	(-0.576395,4.73749e-16) +/- (0.00631038,0)
(-0.548812,-3.94915e-16)	(-0.546285,-3.94915e-16) +/- (0.00687961,0)
(-0.522046,6.08506e-16)	(-0.527771,6.08506e-16) +/- (0.00666405,0)
(-0.496585,-3.90321e-16)	(-0.486592,-3.90321e-16) +/- (0.00613555,0)
(-0.472367,4.96411e-16)	(-0.480918,4.96411e-16) +/- (0.0074471,0)
(-0.449329,-5.59875e-16)	(-0.44247,-5.59875e-16) +/- (0.00627807,0)
(-0.427415,4.36072e-16)	(-0.432567,4.36072e-16) +/- (0.00494952,0)
(-0.40657,-1.57202e-16)	(-0.397013,-1.57202e-16) +/- (0.00596342,0)
(-0.386741,5.53445e-17)	(-0.38012,5.53445e-17) +/- (0.00664107,0)
(-0.367879,-2.48285e-16)	(-0.360044,-2.48285e-16) +/- (0.00598443,0)
(-0.349938,1.78299e-16)	(-0.345884,1.78299e-16) +/- (0.00675545,0)
(-0.332871,-2.16157e-16)	(-0.343638,-2.16157e-16) +/- (0.00619554,0)
(-0.316637,3.29411e-16)	(-0.316758,3.29411e-16) +/- (0.00577709,0)
(-0.301194,-2.29332e-16)	(-0.296342,-2.29332e-16) +/- (0.00557539,0)
(-0.286505,2.19379e-16)	(-0.284399,2.19379e-16) +/- (0.00683033,0)
(-0.272532,-3.83142e-16)	(-0.274415,-3.83142e-16) +/- (0.0056377,0)
(-0.25924,1.2506e-16)	(-0.26055,1.2506e-16) +/- (0.00667976,0)
(-0.246597,-2.15334e-16)	(-0.251597,-2.15334e-16) +/- (0.00653999,0)
(-0.23457,5.64047e-17)	(-0.221906,5.64047e-17) +/- (0.0055209,0)
(-0.22313,-1.44056e-16)	(-0.213882,-1.44056e-16) +/- (0.00713939,0)
(-0.212248,1.1108e-17)	(-0.205067,1.1108e-17) +/- (0.00636237,0)
(-0.201897,-9.3991e-17)	(-0.205694,-9.3991e-17) +/- (0.00636621,0)
(-0.19205,2.31522e-16)	(-0.193409,2.31522e-16) +/- (0.00665029,0)
(-0.182684,-1.83019e-16)	(-0.189156,-1.83019e-16) +/- (0.00690242,0)
(-0.173774,1.36399e-16)	(-0.183401,1.36399e-16) +/- (0.00688494,0)
(-0.165299,-4.409e-16)	(-0.164631,-4.409e-16) +/- (0.00512312,0)
(-0.157237,4.51284e-16)	(-0.167257,4.51284e-16) +/- (0.00616232,0)
(-0.149569,-1.53619e-16)	(-0.148223,-1.53619e-16) +/- (0.00621326,0)
(-0.142274,1.62555e-17)	(-0.139361,1.62555e-17) +/- (0.00616461,0)
(-0.135335,-2.559e-17)	(-0.151883,-2.559e-17) +/- (0.00570032,0)
(-0.128735,1.21551e-16)	(-0.127065,1.21551e-16) +/- (0.00664708,0)
(-0.122456,-1.44804e-16)	(-0.123885,-1.44804e-16) +/- (0.00703752,0)
(-0.116484,3.69665e-16)	(-0.120675,3.69665e-16) +/- (0.00556328,0)
(-0.110803,1.84187e-16)	(-0.121211,1.84187e-16) +/- (0.0055862,0)
(-0.105399,1.91251e-16)	(-0.101455,1.91251e-16) +/- (0.00695327,0)
(-0.100259,-1.48993e-16)	(-0.100265,-1.48993e-16) +/- (0.0070718,0)
(-0.0953692,2.69128e-16)	(-0.101036,2.69128e-16) +/- (0.00641829,0)
(-0.090718,-5.27314e-17)	(-0.0945761,-5.27314e-17) +/- (0.00640264,0)
(-0.0862936,-1.40524e-16)	(-0.0844054,-1.40524e-16) +/- (0.00730497,0)
(-0.082085,6.32176e-17)	(-0.0753208,6.32176e-17) +/- (0.00678733,0)
(-0.0780817,-1.64564e-16)	(-0.0752177,-1.64564e-16) +/- (0.00716896,0)
(-0.0742736,8.46297e-17)	(-0.0766381,8.46297e-17) +/- (0.00662474,0)
(-0.0706512,2.67394e-16)	(-0.0772954,2.67394e-16) +/- (0.00713616,0)
(-0.0672055,-1.15305e-16)	(-0.0659799,-1.15305e-16) +/- (0.00616359,0)
(-0.0639279,2.5577e-16)	(-0.0629129,2.5577e-16) +/- (0.00755517,0)
(-0.0608101,-2.58244e-16)	(-0.0688319,-2.58244e-16) +/- (0.00675113,0)
(-0.0578443,4.04693e-16)	(-0.0638452,4.04693e-16) +/- (0.00639111,0)
(-0.0550232,6.7143e-17)	(-0.0516203,6.7143e-17) +/- (0.00613242,0)
(-0.0523397,2.60088e-17)	(-0.0531366,2.60088e-17) +/- (0.00562547,0)
(-0.0497871,-5.66624e-17)	(-0.0337402,-5.66624e-17) +/- (0.00625296,0)
(-0.0473589,1.75669e-16)	(-0.0589212,1.75669e-16) +/- (0.00768264,0)
(-0.0450492,5.11208e-17)	(-0.0563036,5.11208e-17) +/- (0.00609023,0)
(-0.0428521,3.09867e-16)	(-0.0451532,3.09867e-16) +/- (0.00604082,0)
(-0.0407622,1.60078e-16)	(-0.0408634,1.60078e-16) +/- (0.00620203,0)
(-0.0387742,2.18093e-16)	(-0.0331595,2.18093e-16) +/- (0.00689247,0)
(-0.0368832,-1.57981e-16)	(-0.0377476,-1.57981e-16) +/- (0.00592356,0)
(-0.0350844,1.83017e-16)	(-0.0297151,1.83017e-16) +/- (0.00524984,0)
(-0.0333733,2.01873e-17)	(-0.0320974,2.01873e-17) +/- (0.00653534,0)
(-0.0317456,3.31951e-17)	(-0.0367318,3.31951e-17) +/- (0.00607698,0)
(-0.0301974,-3.04914e-17)	(-0.0309134,-3.04914e-17) +/- (0.00633731,0)
(-0.0287246,-8.04935e-17)	(-0.0347946,-8.04935e-17) +/- (0.00689333,0)
(-0.0273237,9.28243e-17)	(-0.0179906,9.28243e-17) +/- (0.00608516,0)
(-0.0259911,2.06162e-16)	(-0.0315404,2.06162e-16) +/- (0.00697953,0)
(-0.0247235,9.23788e-17)	(-0.0141861,9.23788e-17) +/- (0.00623816,0)
(-0.0235177,8.75746e-17)	(-0.0181647,8.75746e-17) +/- (0.00553158,0)
(-0.0223708,-1.91607e-16)	(-0.0302298,-1.91607e-16) +/- (0.00649947,0)
(-0.0212797,2.60026e-16)	(-0.00859957,2.60026e-16) +/- (0.00669264,0)
(-0.0202419,-2.17489e-16)	(-0.0194147,-2.17489e-16) +/- (0.00705892,0)
(-0.0192547,-6.64297e-17)	(-0.0252487,-6.64297e-17) +/- (0.00657558,0)
(-0.0183156,-8.31593e-18)	(-0.0107842,-8.31593e-18) +/- (0.00598039,0)
(-0.0174224,6.34355e-17)	(-0.0228549,6.34355e-17) +/- (0.00638896,0)
(-0.0165727,-2.79661e-17)	(-0.0169386,-2.79661e-17) +/- (0.00618624,0)
(-0.0157644,3.66318e-16)	(-0.0109989,3.66318e-16) +/- (0.00645557,0)
(-0.0149956,2.77074e-16)	(-0.0135411,2.77074e-16) +/- (0.00637509,0)
(-0.0142642,-2.19591e-16)	(-0.00958873,-2.19591e-16) +/- (0.00674098,0)
(-0.0135686,-3.37642e-18)	(-0.011696,-3.37642e-18) +/- (0.00791968,0)
(-0.0129068,4.24565e-16)	(-0.0124833,4.24565e-16) +/- (0.0054929,0)
(-0.0122773,-6.02414e-17)	(-0.00741423,-6.02414e-17) +/- (0.00561908,0)
(-0.0116786,-9.80228e-17)	(-0.00344761,-9.80228e-17) +/- (0.00635441,0)
(-0.011109,1.57418e-16)	(-0.0102798,1.57418e-16) +/- (0.00647859,0)
(-0.0105672,-4.07187e-16)	(-0.0142567,-4.07187e-16) +/- (0.00554708,0)
(-0.0100518,1.31263e-16)	(-0.00791477,1.31263e-16) +/- (0.00751005,0)
(-0.0095616,1.80965e-16)	(-0.00151561,1.80965e-16) +/- (0.00642925,0)
(-0.00909528,-1.47655e-16)	(-0.0135094,-1.47655e-16) +/- (0.00744669,0)
(-0.0086517,-4.20563e-17)	(-0.00126197,-4.20563e-17) +/- (0.00688869,0)
(-0.00822975,-9.78777e-17)	(-0.00631093,-9.78777e-17) +/- (0.00670499,0)
(-0.00782838,4.55756e-16)	(-0.0148933,4.55756e-16) +/- (0.00747368,0)
(-0.00744658,-1.93569e-17)	(-0.000358563,-1.93569e-17) +/- (0.00591785,0)
(-0.00708341,-2.02002e-17)	(-0.00650237,-2.02002e-17) +/- (0.00676944,0)
(-0.00673795,-3.43424e-16)	(-0.00923894,-3.43424e-16) +/- (0.0052308,0)
(-0.00640933,1.32727e-16)	(-0.00679786,1.32727e-16) +/- (0.0057401,0)
(-0.00609675,1.17784e-16)	(4.10949e-05,1.17784e-16) +/- (0.00678588,0)
(-0.0057994,2.38192e-16)	(-0.0109269,2.38192e-16) +/- (0.00693875,0)
(-0.00551656,3.7205e-16)	(-0.00939892,3.7205e-16) +/- (0.00645457,0)
(-0.00524752,2.03526e-16)	(-0.000857013,2.03526e-16) +/- (0.00581606,0)
(-0.00499159,-1.11691e-16)	(-0.00874761,-1.11691e-16) +/- (0.00524654,0)
(-0.00474815,2.7498e-16)	(-0.000475462,2.7498e-16) +/- (0.00636179,0)
(-0.00451658,1.77928e-17)	(-0.0028462,1.77928e-17) +/- (0.00635365,0)
(-0.0042963,1.69252e-17)	(-0.00376737,1.69252e-17) +/- (0.00604581,0)
(-0.00408677,8.71969e-17)	(-0.0140015,8.71969e-17) +/- (0.00682086,0)
(-0.00388746,-1.54354e-16)	(-0.0121792,-1.54354e-16) +/- (0.00503903,0)
(-0.00369786,1.5423e-16)	(0.000757961,1.5423e-16) +/- (0.00729871,0)
(-0.00351752,1.0635e-17)	(-0.00290384,1.0635e-17) +/- (0.00650376,0)
(-0.00334597,-1.05956e-17)	(-0.0116845,-1.05956e-17) +/- (0.00781948,0)
(-0.00318278,1.31976e-16)	(-0.0086013,1.31976e-16) +/- (0.00658536,0)
(-0.00302755,-5.38506e-17)	(0.0084019,-5.38506e-17) +/- (0.00583557,0)
(-0.0028799,5.14999e-16)	(-0.0125174,5.14999e-16) +/- (0.00718871,0)
(-0.00273944,-5.55494e-17)	(0.000448858,-5.55494e-17) +/- (0.00655213,0)
(-0.00260584,2.41354e-17)	(0.00142997,2.41354e-17) +/- (0.00726932,0)
(-0.00247875,9.65941e-18)	(-0.00281731,9.65941e-18) +/- (0.00657236,0)
(-0.00235786,6.38317e-17)	(-2.23471e-05,6.38317e-17) +/- (0.00495253,0)
(-0.00224287,-7.60571e-17)	(-0.00948977,-7.60571e-17) +/- (0.00727816,0)
(-0.00213348,1.22568e-16)	(0.00484852,1.22568e-16) +/- (0.00655282,0)
(-0.00202943,2.10782e-16)	(0.00463554,2.10782e-16) +/- (0.00537284,0)
(-0.00193045,-2.10199e-17)	(-0.00570337,-2.10199e-17) +/- (0.00752837,0)
(-0.0018363,-9.94354e-17)	(-0.00417841,-9.94354e-17) +/- (0.00729864,0)
(-0.00174675,1.32343e-16)	(-0.00271905,1.32343e-16) +/- (0.00693996,0)
(-0.00166156,7.00498e-17)	(-0.00603659,7.00498e-17) +/- (0.00825798,0)
(-0.00158052,-2.08737e-16)	(-0.00124872,-2.08737e-16) +/- (0.00663997,0)
(-0.00150344,5.50311e-17)	(-0.000652587,5.50311e-17) +/- (0.00653697,0)
(-0.00143012,8.10734e-17)	(-0.0091616,8.10734e-17) +/- (0.00619176,0)
(-0.00136037,1.02941e-16)	(-0.00633927,1.02941e-16) +/- (0.00627236,0)
(-0.00129402,3.54093e-17)	(0.0016664,3.54093e-17) +/- (0.00665038,0)
(-0.00123091,-3.03805e-16)	(0.004907,-3.03805e-16) +/- (0.00619274,0)
(-0.00117088,-1.95169e-16)	(-0.00437999,-1.95169e-16) +/- (0.00719851,0)
(-0.00111378,-2.38091e-16)	(-0.00515513,-2.38091e-16) +/- (0.0064033,0)
(-0.00105946,2.02286e-16)	(-0.0205779,2.02286e-16) +/- (0.00449464,0)
(-0.00100779,-1.13836e-16)	(-0.00460461,-1.13836e-16) +/- (0.00686829,0)
(-0.000958635,1.3969e-16)	(-0.00570575,1.3969e-16) +/- (0.00627461,0)
(-0.000911882,-2.52346e-16)	(0.00207525,-2.52346e-16) +/- (0.00691891,0)
(-0.000867409,2.8228e-16)	(-0.00468058,2.8228e-16) +/- (0.00533602,0)
(-0.000825105,-3.26374e-18)	(-0.015227,-3.26374e-18) +/- (0.00585989,0)
(-0.000784864,2.6417e-16)	(-0.00318342,2.6417e-16) +/- (0.00604412,0)
(-0.000746586,3.59405e-16)	(-0.000115853,3.59405e-16) +/- (0.00602002,0)
(-0.000710174,1.23234e-16)	(0.000470371,1.23234e-16) +/- (0.00658773,0)
(-0.000675539,7.31993e-17)	(-0.00929369,7.31993e-17) +/- (0.00624181,0)
(-0.000642592,2.93143e-16)	(0.00246922,2.93143e-16) +/- (0.00675869,0)
(-0.000611253,9.99124e-17)	(-0.000849524,9.99124e-17) +/- (0.00715078,0)
(-0.000581442,4.15404e-17)	(-0.00221971,4.15404e-17) +/- (0.00624555,0)
(-0.000553084,-1.01365e-16)	(-0.0104281,-1.01365e-16) +/- (0.00547504,0)
(-0.00052611,7.19508e-17)	(0.000505772,7.19508e-17) +/- (0.00643488,0)
(-0.000500451,1.94408e-16)	(-0.0150221,1.94408e-16) +/- (0.00577691,0)
(-0.000476044,1.30099e-16)	(-0.0045186,1.30099e-16) +/- (0.00611481,0)
(-0.000452827,2.96121e-17)	(0.00206357,2.96121e-17) +/- (0.00579139,0)
(-0.000430743,-3.2198e-18)	(0.000441512,-3.2198e-18) +/- (0.00614256,0)
(-0.000409735,1.44013e-16)	(0.00194239,1.44013e-16) +/- (0.00656209,0)
(-0.000389752,3.14569e-16)	(0.0066359,3.14569e-16) +/- (0.00601287,0)
(-0.000370744,-1.95166e-16)	(-0.00775974,-1.95166e-16) +/- (0.00594145,0)
(-0.000352662,-1.37842e-16)	(-0.00946893,-1.37842e-16) +/- (0.00681573,0)
(-0.000335463,-9.00572e-17)	(0.00934966,-9.00572e-17) +/- (0.00754321,0)
(-0.000319102,3.78556e-16)	(0.00242506,3.78556e-16) +/- (0.00654003,0)
(-0.000303539,-3.47928e-16)	(-0.011145,-3.47928e-16) +/- (0.00676199,0)
(-0.000288735,2.29864e-16)	(-0.0020784,2.29864e-16) +/- (0.00488949,0)
(-0.000274654,5.10823e-16)	(-0.00572579,5.10823e-16) +/- (0.00679699,0)
(-0.000261259,-9.97606e-17)	(-0.0057372,-9.97606e-17) +/- (0.00589343,0)
(-0.000248517,1.41953e-16)	(-0.00269793,1.41953e-16) +/- (0.00522955,0)
(-0.000236397,-6.63613e-17)	(-0.0068722,-6.63613e-17) +/- (0.00611794,0)
(-0.000224867,1.44739e-16)	(0.00166766,1.44739e-16) +/- (0.00704095,0)
(-0.0002139,3.19145e-16)	(-0.00722114,3.19145e-16) +/- (0.00639691,0)
(-0.000203468,-1.59182e-16)	(0.000975469,-1.59182e-16) +/- (0.00555959,0)
(-0.000193545,9.8615e-17)	(-0.00932143,9.8615e-17) +/- (0.00577193,0)
(-0.000184106,-1.76746e-16)	(0.00196119,-1.76746e-16) +/- (0.00646311,0)
(-0.000175127,8.3215e-17)	(-0.00530643,8.3215e-17) +/- (0.00667856,0)
(-0.000166586,2.32328e-16)	(-0.00915725,2.32328e-16) +/- (0.00619151,0)
(-0.000158461,-3.64009e-17)	(-0.00704891,-3.64009e-17) +/- (0.00712674,0)
(-0.000150733,-2.47475e-17)	(0.000208137,-2.47475e-17) +/- (0.00701278,0)
(-0.000143382,-1.38775e-16)	(0.00702152,-1.38775e-16) +/- (0.00595,0)
(-0.000136389,-5.70477e-17)	(-8.0721e-05,-5.70477e-17) +/- (0.00731617,0)
(-0.000129737,3.81115e-16)	(-0.00851438,3.81115e-16) +/- (0.00642695,0)
(-0.00012341,-1.84458e-16)	(-0.00101021,-1.84458e-16) +/- (0.0068588,0)
(-0.000117391,2.77877e-16)	(-0.00337827,2.77877e-16) +/- (0.00777973,0)
(-0.000111666,-4.41271e-16)	(0.00136422,-4.41271e-16) +/- (0.00524589,0)
(-0.00010622,2.83688e-16)	(-0.011631,2.83688e-16) +/- (0.00669579,0)
(-0.000101039,5.87384e-16)	(-0.00663348,5.87384e-16) +/- (0.00601603,0)
(-9.61117e-05,5.31322e-17)	(-0.000790422,5.31322e-17) +/- (0.00603397,0)
(-9.14242e-05,1.56965e-16)	(-0.00669693,1.56965e-16) +/- (0.00698052,0)
(-8.69655e-05,-1.17795e-16)	(0.00557339,-1.17795e-16) +/- (0.00651075,0)
(-8.2724e-05,1.04798e-16)	(-0.00416511,1.04798e-16) +/- (0.00720436,0)
(-7.86896e-05,3.73628e-16)	(-0.00566147,3.73628e-16) +/- (0.00624489,0)
(-7.48518e-05,-1.3196e-16)	(0.000968381,-1.3196e-16) +/- (0.00734525,0)
(-7.12013e-05,1.59488e-16)	(0.000501775,1.59488e-16) +/- (0.00620178,0)
(-6.77287e-05,-6.54906e-18)	(-0.00992794,-6.54906e-18) +/- (0.00644631,0)
(-6.44256e-05,1.74389e-16)	(-0.0117886,1.74389e-16) +/- (0.0067874,0)
(-6.12835e-05,1.65655e-16)	(-0.000535449,1.65655e-16) +/- (0.00582982,0)
(-5.82947e-05,-9.94767e-17)	(0.00324031,-9.94767e-17) +/- (0.00595917,0)
(-5.54516e-05,5.97286e-17)	(0.00461579,5.97286e-17) +/- (0.00463284,0)
(-5.27472e-05,2.32638e-16)	(0.00885531,2.32638e-16) +/- (0.0077579,0)
(-5.01746e-05,-2.11082e-17)	(0.00116175,-2.11082e-17) +/- (0.00637224,0)
(-4.77277e-05,2.63005e-16)	(-0.000102532,2.63005e-16) +/- (0.00619119,0)
(-4.53999e-05,-1.59061e-16)	(-0.0103443,-1.59061e-16) +/- (0.00695963,0)
(-4.31858e-05,1.84953e-16)	(0.00116318,1.84953e-16) +/- (0.00588608,0)
(-4.10795e-05,-8.65501e-17)	(0.0074683,-8.65501e-17) +/- (0.00576195,0)
(-3.90761e-05,1.07861e-16)	(-0.00635047,1.07861e-16) +/- (0.00671105,0)
(-3.71703e-05,3.28015e-16)	(0.0109017,3.28015e-16) +/- (0.0053783,0)
(-3.53575e-05,-1.23248e-16)	(-0.00436735,-1.23248e-16) +/- (0.00706021,0)
(-3.36331e-05,8.10967e-17)	(-0.00516846,8.10967e-17) +/- (0.00464776,0)
(-3.19928e-05,1.08121e-16)	(-0.00638212,1.08121e-16) +/- (0.00579595,0)
(-3.04324e-05,-9.68178e-18)	(-0.0107511,-9.68178e-18) +/- (0.00654684,0)
(-2.89483e-05,3.34188e-16)	(0.0039211,3.34188e-16) +/- (0.00627913,0)
(-2.75364e-05,-2.33251e-16)	(-0.00123163,-2.33251e-16) +/- (0.0060803,0)
(-2.61935e-05,9.81024e-17)	(0.00146326,9.81024e-17) +/- (0.00549027,0)
(-2.4916e-05,-4.84443e-17)	(0.00475604,-4.84443e-17) +/- (0.00677637,0)
(-2.37009e-05,-3.21729e-17)	(0.00363888,-3.21729e-17) +/- (0.00788283,0)
(-2.25449e-05,9.8913e-17)	(0.001765,9.8913e-17) +/- (0.00579691,0)
(-2.14454e-05,-1.14317e-16)	(0.00777146,-1.14317e-16) +/- (0.00569455,0)
(-2.03995e-05,1.22343e-17)	(-0.00441985,1.22343e-17) +/- (0.00658983,0)
(-1.94046e-05,1.96515e-16)	(0.0146075,1.96515e-16) +/- (0.00707899,0)
(-1.84582e-05,-6.02272e-17)	(0.0100098,-6.02272e-17) +/- (0.00670646,0)
(-1.75581e-05,2.19698e-16)	(-0.00765331,2.19698e-16) +/- (0.00617667,0)
(-1.67017e-05,-2.01011e-16)	(-0.0118565,-2.01011e-16) +/- (0.00499998,0)
(-1.58872e-05,8.26338e-17)	(-0.00647428,8.26338e-17) +/- (0.0062247,0)
(-1.51123e-05,-1.0007e-16)	(-0.00851725,-1.0007e-16) +/- (0.00657736,0)
(-1.43753e-05,-1.10071e-16)	(0.014401,-1.10071e-16) +/- (0.00694219,0)
(-1.36742e-05,2.53302e-16)	(0.00170169,2.53302e-16) +/- (0.00734127,0)
(-1.30073e-05,-2.74539e-16)	(-0.00736808,-2.74539e-16) +/- (0.00749395,0)
(-1.23729e-05,-6.57395e-17)	(0.0050092,-6.57395e-17) +/- (0.00638182,0)
(-1.17695e-05,-4.0017e-17)	(0.00318413,-4.0017e-17) +/- (0.00613603,0)
(-1.11954e-05,-1.67372e-16)	(-0.00634349,-1.67372e-16) +/- (0.00674108,0)
(-1.06495e-05,3.09955e-16)	(0.00182069,3.09955e-16) +/- (0.00633755,0)
(-1.013e-05,-3.42072e-16)	(-0.000386226,-3.42072e-16) +/- (0.00715163,0)
(-9.63609e-06,9.01069e-17)	(-0.00207504,9.01069e-17) +/- (0.00799506,0)
(-9.16604e-06,-1.14839e-16)	(0.00907488,-1.14839e-16) +/- (0.00588315,0)
(-8.7191e-06,-7.19902e-18)	(0.0015188,-7.19902e-18) +/- (0.00556439,0)
(-8.29377e-06,3.70858e-17)	(0.00223982,3.70858e-17) +/- (0.00720602,0)
(-7.88937e-06,-1.81339e-17)	(0.00244194,-1.81339e-17) +/- (0.00725774,0)
(-7.50451e-06,-1.46654e-16)	(0.00455292,-1.46654e-16) +/- (0.00657633,0)
(-7.1386e-06,7.32723e-17)	(-0.00420083,7.32723e-17) +/- (0.00575083,0)
(-6.79036e-06,-1.50769e-16)	(-0.00371324,-1.50769e-16) +/- (0.00657611,0)
(-6.45928e-06,2.83408e-16)	(-0.0070658,2.83408e-16) +/- (0.0057841,0)
(-6.14416e-06,-2.34711e-16)	(-0.00497009,-2.34711e-16) +/- (0.00788344,0)
(-5.8446e-06,2.25214e-17)	(0.000193125,2.25214e-17) +/- (0.00677695,0)
(-5.55946e-06,-2.07219e-16)	(0.00400414,-2.07219e-16) +/- (0.00607611,0)
(-5.28842e-06,-6.9052e-17)	(-0.00359964,-6.9052e-17) +/- (0.00652394,0)
(-5.03041e-06,7.85886e-17)	(-0.00555938,7.85886e-17) +/- (0.00645149,0)
(-4.78517e-06,-1.1464e-16)	(-0.00729945,-1.1464e-16) +/- (0.00683098,0)
(-4.55169e-06,-4.71385e-17)	(0.00244159,-4.71385e-17) +/- (0.00562277,0)
(-4.3298e-06,2.93482e-18)	(0.00676829,2.93482e-18) +/- (0.00717575,0)
(-4.11854e-06,-1.19399e-17)	(4.94996e-05,-1.19399e-17) +/- (0.00614358,0)
(-3.91777e-06,3.6909e-16)	(-0.00455874,3.6909e-16) +/- (0.00672222,0)
(-3.7266e-06,-2.71546e-16)	(-0.00537048,-2.71546e-16) +/- (0.00571679,0)
(-3.54495e-06,1.5493e-16)	(-0.00269758,1.5493e-16) +/- (0.0070927,0)
(-3.37196e-06,-1.39142e-16)	(0.00717716,-1.39142e-16) +/- (0.00632902,0)
(-3.20761e-06,-1.56326e-16)	(0.00976936,-1.56326e-16) +/- (0.00640733,0)
(-3.05107e-06,3.44282e-19)	(0.0130701,3.44282e-19) +/- (0.00545903,0)
(-2.90237e-06,-4.28339e-16)	(-0.00204514,-4.28339e-16) +/- (0.00681555,0)
(-2.76072e-06,-8.19773e-17)	(0.00693393,-8.19773e-17) +/- (0.00679784,0)
(-2.62618e-06,-3.22548e-17)	(-0.0110415,-3.22548e-17) +/- (0.00632145,0)
(-2.49799e-06,-1.18971e-16)	(0.00340324,-1.18971e-16) +/- (0.00741818,0)
(-2.37628e-06,-6.00241e-17)	(-0.00377254,-6.00241e-17) +/- (0.00657771,0)
(-2.26027e-06,-2.28322e-16)	(-0.00106382,-2.28322e-16) +/- (0.00724014,0)
(-2.15015e-06,-3.19261e-16)	(-0.00253082,-3.19261e-16) +/- (0.00617131,0)
(-2.04517e-06,2.05444e-16)	(-0.00694918,2.05444e-16) +/- (0.00617875,0)
(-1.94554e-06,-4.35488e-16)	(0.00536808,-4.35488e-16) +/- (0.00691735,0)
(-1.85054e-06,-1.25376e-16)	(-0.00209493,-1.25376e-16) +/- (0.00718388,0)
(-1.76041e-06,-6.57504e-17)	(-0.00821018,-6.57504e-17) +/- (0.00676329,0)
(-1.67443e-06,-1.13121e-16)	(0.00240428,-1.13121e-16) +/- (0.00592982,0)
(-1.59289e-06,7.11764e-20)	(0.0134298,7.11764e-20) +/- (0.00597157,0)
(-1.51508e-06,-2.22416e-16)	(-0.0147746,-2.22416e-16) +/- (0.00666672,0)
(-1.44131e-06,6.91124e-17)	(0.00120068,6.91124e-17) +/- (0.00650626,0)
(-1.3709e-06,-3.71082e-16)	(-0.000752642,-3.71082e-16) +/- (0.00517816,0)
(-1.30416e-06,-2.20902e-16)	(-0.00915579,-2.20902e-16) +/- (0.00520309,0)
(-1.24043e-06,8.00593e-17)	(0.0020469,8.00593e-17) +/- (0.00656904,0)
(-1.18006e-06,-3.36869e-16)	(0.000226617,-3.36869e-16) +/- (0.00595692,0)
(-1.12238e-06,-1.04539e-16)	(-0.000164777,-1.04539e-16) +/- (0.00776705,0)
(-1.06777e-06,-5.04594e-16)	(0.0050071,-5.04594e-16) +/- (0.00587314,0)
(-1.01557e-06,-2.70036e-17)	(0.00678896,-2.70036e-17) +/- (0.00588561,0)
(-9.66165e-07,-3.18049e-17)	(0.00399367,-3.18049e-17) +/- (0.00682242,0)
(-9.18914e-07,-1.96794e-16)	(-0.000709959,-1.96794e-16) +/- (0.00777838,0)
(-8.7423e-07,1.50617e-16)	(-0.00727206,1.50617e-16) +/- (0.00556663,0)
(-8.3146e-07,-2.97647e-16)	(0.00295523,-2.97647e-16) +/- (0.00621713,0)
(-7.91044e-07,-5.59345e-17)	(-0.00593372,-5.59345e-17) +/- (0.00458592,0)
(-7.52328e-07,4.85495e-17)	(-0.0012007,4.85495e-17) +/- (0.00528719,0)
(-7.15775e-07,-2.37221e-16)	(0.00323123,-2.37221e-16) +/- (0.00641825,0)
(-6.80726e-07,-3.65182e-17)	(0.0140555,-3.65182e-17) +/- (0.00624787,0)
(-6.47668e-07,2.15133e-16)	(-0.0116101,2.15133e-16) +/- (0.0054729,0)
(-6.15938e-07,-2.3036e-16)	(0.00403679,-2.3036e-16) +/- (0.0064255,0)
(-5.86043e-07,1.20365e-16)	(0.0015446,1.20365e-16) +/- (0.00628503,0)
(-5.57315e-07,-1.04387e-16)	(1.38597e-05,-1.04387e-16) +/- (0.00766941,0)
(-5.30283e-07,-3.38097e-17)	(-0.00405997,-3.38097e-17) +/- (0.00632276,0)
(-5.0427e-07,-4.39835e-16)	(-0.00417437,-4.39835e-16) +/- (0.00630242,0)
(-4.79829e-07,-7.28338e-17)	(0.00148608,-7.28338e-17) +/- (0.00614016,0)
(-4.56273e-07,9.0814e-18)	(-0.001996,9.0814e-18) +/- (0.00708543,0)
(-4.34176e-07,-4.50727e-16)	(0.0061941,-4.50727e-16) +/- (0.00568998,0)
(-4.12844e-07,9.23817e-17)	(0.00217675,9.23817e-17) +/- (0.00618756,0)
(-3.92869e-07,-2.33107e-16)	(-0.0118778,-2.33107e-16) +/- (0.00567338,0)
(-3.73546e-07,-5.28852e-17)	(-0.00435063,-5.28852e-17) +/- (0.00679638,0)
(-3.55492e-07,-7.52463e-17)	(-0.00969217,-7.52463e-17) +/- (0.00690614,0)
(-3.37989e-07,-4.2588e-16)	(-0.00201778,-4.2588e-16) +/- (0.00633651,0)
(-3.21673e-07,-9.20759e-17)	(-0.00119324,-9.20759e-17) +/- (0.0070304,0)
(-3.05814e-07,-2.52692e-16)	(2.67832e-06,-2.52692e-16) +/- (0.00759323,0)
(-2.91073e-07,-1.69608e-16)	(0.00643011,-1.69608e-16) +/- (0.00709544,0)
(-2.76701e-07,3.74569e-17)	(-0.00425834,3.74569e-17) +/- (0.00644556,0)
(-2.63385e-07,-3.86255e-16)	(-0.0044537,-3.86255e-16) +/- (0.00618142,0)
(-2.50358e-07,-5.42034e-17)	(0.00947031,-5.42034e-17) +/- (0.00621541,0)
(-2.38332e-07,-1.00692e-16)	(0.00462568,-1.00692e-16) +/- (0.00598927,0)
(-2.26522e-07,-7.22229e-17)	(-0.00457334,-7.22229e-17) +/- (0.00761723,0)
(-2.15663e-07,-3.60834e-17)	(0.00249258,-3.60834e-17) +/- (0.00490441,0)
(-2.04953e-07,-2.46419e-16)	(-0.000825841,-2.46419e-16) +/- (0.00748527,0)
(-1.95153e-07,7.78964e-17)	(0.00436764,7.78964e-17) +/- (0.00527941,0)
(-1.85437e-07,-4.65487e-16)	(0.00585552,-4.65487e-16) +/- (0.00543038,0)
(-1.76594e-07,-2.43413e-16)	(-0.0031152,-2.43413e-16) +/- (0.00717404,0)
(-1.67777e-07,-2.48409e-16)	(0.00322593,-2.48409e-16) +/- (0.00628998,0)
(-1.59802e-07,-4.33973e-16)	(0.00291029,-4.33973e-16) +/- (0.00642996,0)
(-1.51797e-07,-3.7971e-16)	(0.0122229,-3.7971e-16) +/- (0.00529466,0)
(-1.44609e-07,-6.22566e-16)	(-0.00283689,-6.22566e-16) +/- (0.00587894,0)
(-1.37338e-07,-3.24317e-16)	(-0.00706842,-3.24317e-16) +/- (0.00536528,0)
(-1.30862e-07,-1.57063e-16)	(-0.0180104,-1.57063e-16) +/- (0.00660445,0)
(-1.24254e-07,-1.927e-16)	(0.00409845,-1.927e-16) +/- (0.00691617,0)
(-1.18424e-07,-1.28069e-17)	(0.0119328,-1.28069e-17) +/- (0.00752823,0)
(-1.12414e-07,-4.8384e-16)	(0.005078,-4.8384e-16) +/- (0.00642787,0)
(-1.0717e-07,-4.25269e-16)	(-0.00502369,-4.25269e-16) +/- (0.00605114,0)
(-1.017e-07,6.09752e-17)	(-0.00125225,6.09752e-17) +/- (0.00775617,0)
(-9.69884e-08,1.4687e-16)	(-0.00276124,1.4687e-16) +/- (0.00707723,0)
(-9.2005e-08,-7.21215e-16)	(-0.00994152,-7.21215e-16) +/- (0.00590012,0)
(-8.77761e-08,1.76407e-16)	(-0.0021208,1.76407e-16) +/- (0.00661703,0)
(-8.32318e-08,-2.69738e-16)	(-0.00551776,-2.69738e-16) +/- (0.0069421,0)
(-7.94414e-08,-5.69133e-18)	(0.00942899,-5.69133e-18) +/- (0.00534716,0)
(-7.52925e-08,5.26828e-16)	(0.00861527,5.26828e-16) +/- (0.00721183,0)
(-7.19007e-08,1.68231e-16)	(0.00245614,1.68231e-16) +/- (0.00721754,0)
(-6.81077e-08,-7.3699e-16)	(0.000967982,-7.3699e-16) +/- (0.00641545,0)
(-6.50787e-08,-5.67251e-18)	(-0.00920105,-5.67251e-18) +/- (0.00492281,0)
(-6.16056e-08,5.73294e-17)	(0.000296578,5.73294e-17) +/- (0.00621977,0)
(-5.89071e-08,-1.17782e-17)	(-0.00607577,-1.17782e-17) +/- (0.0061839,0)
(-5.57211e-08,-6.0883e-16)	(-0.00746079,-6.0883e-16) +/- (0.00785894,0)
(-5.3324e-08,-3.95473e-16)	(-0.00742202,-3.95473e-16) +/- (0.00635046,0)
(-5.03952e-08,-4.05251e-16)	(0.000338449,-4.05251e-16) +/- (0.00497806,0)
(-4.82736e-08,-4.50192e-17)	(-0.000125993,-4.50192e-17) +/- (0.00687534,0)
(-4.55746e-08,3.53369e-16)	(0.001264,3.53369e-16) +/- (0.00536015,0)
(-4.37053e-08,-2.0973e-17)	(-0.00754256,-2.0973e-17) +/- (0.00641253,0)
(-4.12112e-08,-5.68663e-16)	(-0.00707642,-5.68663e-16) +/- (0.00497862,0)
(-3.95735e-08,-2.77284e-16)	(0.00248871,-2.77284e-16) +/- (0.00685622,0)
(-3.72613e-08,-2.7287e-16)	(-0.00534932,-2.7287e-16) +/- (0.00573669,0)
(-3.58367e-08,1.23452e-16)	(0.00633064,1.23452e-16) +/- (0.00608649,0)
(-3.36852e-08,-7.10238e-16)	(-0.0017177,-7.10238e-16) +/- (0.00538303,0)
(-3.24577e-08,-8.86453e-17)	(0.00488536,-8.86453e-17) +/- (0.00627189,0)
(-3.04472e-08,-1.76368e-16)	(-0.00398427,-1.76368e-16) +/- (0.00661624,0)
(-2.94026e-08,6.35099e-17)	(-0.00110645,6.35099e-17) +/- (0.00656111,0)
(-2.75148e-08,1.53318e-16)	(0.00815894,1.53318e-16) +/- (0.00640659,0)
(-2.6641e-08,1.57122e-16)	(0.0122935,1.57122e-16) +/- (0.00632708,0)
(-2.48585e-08,-5.93568e-16)	(-0.00510378,-5.93568e-16) +/- (0.00568834,0)
(-2.41452e-08,-5.55671e-17)	(0.00240538,-5.55671e-17) +/- (0.0066942,0)
(-2.24518e-08,-2.4379e-16)	(0.00329941,-2.4379e-16) +/- (0.00483635,0)
(-2.18904e-08,2.0991e-16)	(-0.0132914,2.0991e-16) +/- (0.00698514,0)
(-2.02704e-08,-7.1289e-16)	(0.00813784,-7.1289e-16) +/- (0.00665732,0)
(-1.98542e-08,-3.09759e-16)	(-0.00339252,-3.09759e-16) +/- (0.00603614,0)
(-1.82922e-08,-3.13883e-16)	(0.0142186,-3.13883e-16) +/- (0.00544794,0)
(-1.80164e-08,-1.74273e-16)	(0.00458595,-1.74273e-16) +/- (0.00667265,0)
(-1.64973e-08,1.16181e-16)	(-0.00397488,1.16181e-16) +/- (0.00533128,0)
(-1.63589e-08,1.90337e-16)	(0.0109825,1.90337e-16) +/- (0.00689304,0)
(-1.48673e-08,-5.79007e-16)	(-0.00820355,-5.79007e-16) +/- (0.00661654,0)
(-1.48656e-08,-1.33769e-16)	(-0.00594033,-1.33769e-16) +/- (0.00867158,0)
(-1.33854e-08,-1.24915e-20)	(0.00341727,-1.24915e-20) +/- (0.00512634,0)
(-1.35219e-08,2.11077e-16)	(0.0050693,2.11077e-16) +/- (0.00642834,0)
(-1.20363e-08,-8.01527e-16)	(0.00609317,-8.01527e-16) +/- (0.00630952,0)
(-1.23152e-08,1.36635e-16)	(-0.000493405,1.36635e-16) +/- (0.00554232,0)
(-1.08057e-08,-1.45477e-16)	(0.000504902,-1.45477e-16) +/- (0.0061813,0)
(-1.12343e-08,5.26244e-17)	(-0.000190212,5.26244e-17) +/- (0.00685275,0)
(-9.67996e-09,1.45891e-16)	(-0.00424068,1.45891e-16) +/- (0.0064875,0)
(-1.02697e-08,4.04087e-16)	(0.0124292,4.04087e-16) +/- (0.00565032,0)
(-8.64635e-09,-6.25404e-16)	(0.00563563,-6.25404e-16) +/- (0.00563853,0)
(-9.41371e-09,2.42622e-16)	(0.00540869,2.42622e-16) +/- (0.00614067,0)
(-7.69227e-09,-2.66761e-16)	(0.00742384,-2.66761e-16) +/- (0.00619561,0)
(-8.66041e-09,1.06188e-16)	(-0.00285444,1.06188e-16) +/- (0.00628346,0)
(-6.80494e-09,-5.5407e-16)	(-0.0137926,-5.5407e-16) +/- (0.0055396,0)
(-8.00615e-09,-2.29118e-16)	(-3.7171e-05,-2.29118e-16) +/- (0.0072625,0)
(-5.97076e-09,-9.50271e-17)	(-0.00619895,-9.50271e-17) +/- (0.00660874,0)
(-7.45016e-09,-2.1109e-17)	(0.00589026,-2.1109e-17) +/- (0.00576315,0)
(-5.17428e-09,-2.85784e-16)	(-0.0102546,-2.85784e-16) +/- (0.00590013,0)
(-6.99565e-09,3.43653e-16)	(0.00870133,3.43653e-16) +/- (0.00632954,0)
(-4.39656e-09,-6.29544e-16)	(-0.00460753,-6.29544e-16) +/- (0.00817066,0)
(-6.65191e-09,2.60487e-16)	(-0.00229363,2.60487e-16) +/- (0.006934,0)
(-3.61223e-09,-3.33729e-16)	(-0.00369506,-3.33729e-16) +/- (0.00671802,0)
(-6.43809e-09,4.91627e-16)	(-0.00331134,4.91627e-16) +/- (0.00686552,0)
(-2.78405e-09,-3.42757e-16)	(0.00327109,-3.42757e-16) +/- (0.00712486,0)
(-6.3908e-09,4.85584e-16)	(0.00109696,4.85584e-16) +/- (0.00763767,0)
(-1.85189e-09,-4.21415e-16)	(0.00430952,-4.21415e-16) +/- (0.00551107,0)
(-6.58007e-09,6.04516e-16)	(0.0108351,6.04516e-16) +/- (0.00642462,0)
(-7.08696e-10,-2.95057e-16)	(-0.0052375,-2.95057e-16) +/- (0.00539445,0)
(-7.14624e-09,1.03052e-15)	(-0.0137166,1.03052e-15) +/- (0.00623225,0)
(8.58068e-10,-8.77089e-16)	(0.00496414,-8.77089e-16) +/- (0.0069317,0)
(-8.39565e-09,6.68167e-16)	(-0.00492011,6.68167e-16) +/- (0.00761987,0)
(3.32929e-09,-8.16236e-16)	(-0.00360604,-8.16236e-16) +/- (0.00685045,0)
(-1.10905e-08,8.8016e-16)	(0.000342378,8.8016e-16) +/- (0.00639229,0)
(7.99918e-09,-1.05774e-15)	(-0.00548632,-1.05774e-15) +/- (0.00540287,0)
(-1.75429e-08,9.59541e-16)	(-0.00254313,9.59541e-16) +/- (0.00803728,0)
(1.9358e-08,-1.32667e-15)	(0.00546679,-1.32667e-15) +/- (0.00645213,0)
(-3.7372e-08,1.34876e-15)	(0.00225566,1.34876e-15) +/- (0.0066584,0)
(6.10196e-08,-2.10517e-15)	(-0.00839231,-2.10517e-15) +/- (0.00577933,0)
(-1.3977e-07,1.95312e-15)	(-0.00884588,1.95312e-15) +/- (0.00672698,0)
(3.18686e-07,3.11955e-14)	(0.00654521,3.11955e-14) +/- (0.00648633,0)
