Number of bins = 21
Histogram range [0;10]
Histogram:
0  0  0  0
0.5  0  0  0
1  1  0.125  0.125
1.5  0  0  0.125
2  2  0.25  0.375
2.5  0  0  0.375
3  1  0.125  0.5
3.5  1  0.125  0.625
4  0  0  0.625
4.5  0  0  0.625
5  1  0.125  0.75
5.5  0  0  0.75
6  0  0  0.75
6.5  0  0  0.75
7  0  0  0.75
7.5  0  0  0.75
8  0  0  0.75
8.5  0  0  0.75
9  1  0.125  0.875
9.5  0  0  0.875
10  1  0.125  1

Accumulated data points: 8
Lost data points: 5
Histogram data: [0,0,1,0,2,0,1,1,0,0,1,0,0,0,0,0,0,0,1,0,1]
PDF:
0  0  0  0
0.5  0  0  0
1  0.125  0.015625  0.015625
1.5  0  0  0.015625
2  0.25  0.03125  0.046875
2.5  0  0  0.046875
3  0.125  0.015625  0.0625
3.5  0.125  0.015625  0.078125
4  0  0  0.078125
4.5  0  0  0.078125
5  0.125  0.015625  0.09375
5.5  0  0  0.09375
6  0  0  0.09375
6.5  0  0  0.09375
7  0  0  0.09375
7.5  0  0  0.09375
8  0  0  0.09375
8.5  0  0  0.09375
9  0.125  0.015625  0.109375
9.5  0  0  0.109375
10  0.125  0.015625  0.125

CDF:
0  0  0  0
0.5  0  0  0
1  0.125  0.015625  0.015625
1.5  0.125  0.015625  0.03125
2  0.375  0.046875  0.078125
2.5  0.375  0.046875  0.125
3  0.5  0.0625  0.1875
3.5  0.625  0.078125  0.265625
4  0.625  0.078125  0.34375
4.5  0.625  0.078125  0.421875
5  0.75  0.09375  0.515625
5.5  0.75  0.09375  0.609375
6  0.75  0.09375  0.703125
6.5  0.75  0.09375  0.796875
7  0.75  0.09375  0.890625
7.5  0.75  0.09375  0.984375
8  0.75  0.09375  1.07812
8.5  0.75  0.09375  1.17188
9  0.875  0.109375  1.28125
9.5  0.875  0.109375  1.39062
10  1  0.125  1.51562

